<?xml version="1.0" encoding="UTF-8"?>
<!-- Generated by org.testng.reporters.JUnitReportReporter -->
<testsuite hostname="MacBook-Pro.local" failures="0" tests="1" name="TestClass" time="14.775" errors="0" timestamp="2020-10-05T16:08:19 IST" skipped="0">
  <testcase classname="TestClass" name="test" time="14.775"/>
  <system-out/>
</testsuite> <!-- TestClass -->
